<?xml version="1.0" encoding="UTF-8"?>
<testsuite xmlns:xsi="http://www.w3.org/2001/XMLSchema-instance" xsi:noNamespaceSchemaLocation="https://maven.apache.org/surefire/maven-surefire-plugin/xsd/surefire-test-report.xsd" version="3.0.2" name="com.nico.multiservicios.MultiserviciosApplicationTests" time="9.577" tests="1" errors="0" skipped="0" failures="0">
  <properties>
[...]
</properties>
  <testcase name="contextLoads" classname="com.nico.multiservicios.MultiserviciosApplicationTests" time="0.626">
    <system-out><![CDATA[11:27:59.835 [main] INFO org.springframework.test.context.support.AnnotationConfigContextLoaderUtils -- Could not detect default configuration classes for test class [com.nico.multiservicios.MultiserviciosApplicationTests]: MultiserviciosApplicationTests does not declare any static, non-private, non-final, nested classes annotated with @Configuration.
11:28:00.030 [main] INFO org.springframework.boot.test.context.SpringBootTestContextBootstrapper -- Found @SpringBootConfiguration com.nico.multiservicios.MultiserviciosApplication for test class com.nico.multiservicios.MultiserviciosApplicationTests

  .   ____          _            __ _ _
 /\\ / ___'_ __ _ _(_)_ __  __ _ \ \ \ \
( ( )\___ | '_ | '_| | '_ \/ _` | \ \ \ \
 \\/  ___)| |_)| | | | | || (_| |  ) ) ) )
  '  |____| .__|_| |_|_| |_\__, | / / / /
 =========|_|==============|___/=/_/_/_/

 :: Spring Boot ::                (v3.4.5)

2025-07-18T11:28:00.825-05:00  INFO 32420 --- [app_multiservicios] [           main] c.n.m.MultiserviciosApplicationTests     : Starting MultiserviciosApplicationTests using Java 21.0.1 with PID 32420 (started by Usuario in C:\Users\Usuario\OneDrive\Escritorio\Multiservicios Nico\Proyecto Integrador\backend-integrador-I)
2025-07-18T11:28:00.827-05:00 DEBUG 32420 --- [app_multiservicios] [           main] c.n.m.MultiserviciosApplicationTests     : Running with Spring Boot v3.4.5, Spring v6.2.6
2025-07-18T11:28:00.827-05:00  INFO 32420 --- [app_multiservicios] [           main] c.n.m.MultiserviciosApplicationTests     : No active profile set, falling back to 1 default profile: "default"
2025-07-18T11:28:01.953-05:00  INFO 32420 --- [app_multiservicios] [           main] .s.d.r.c.RepositoryConfigurationDelegate : Bootstrapping Spring Data JPA repositories in DEFAULT mode.
2025-07-18T11:28:02.084-05:00  INFO 32420 --- [app_multiservicios] [           main] .s.d.r.c.RepositoryConfigurationDelegate : Finished Spring Data repository scanning in 118 ms. Found 8 JPA repository interfaces.
2025-07-18T11:28:02.975-05:00  INFO 32420 --- [app_multiservicios] [           main] o.hibernate.jpa.internal.util.LogHelper  : HHH000204: Processing PersistenceUnitInfo [name: default]
2025-07-18T11:28:03.085-05:00  INFO 32420 --- [app_multiservicios] [           main] org.hibernate.Version                    : HHH000412: Hibernate ORM core version 6.6.13.Final
2025-07-18T11:28:03.158-05:00  INFO 32420 --- [app_multiservicios] [           main] o.h.c.internal.RegionFactoryInitiator    : HHH000026: Second-level cache disabled
2025-07-18T11:28:03.677-05:00  INFO 32420 --- [app_multiservicios] [           main] o.s.o.j.p.SpringPersistenceUnitInfo      : No LoadTimeWeaver setup: ignoring JPA class transformer
2025-07-18T11:28:03.722-05:00  INFO 32420 --- [app_multiservicios] [           main] com.zaxxer.hikari.HikariDataSource       : HikariPool-1 - Starting...
2025-07-18T11:28:03.999-05:00  INFO 32420 --- [app_multiservicios] [           main] com.zaxxer.hikari.pool.HikariPool        : HikariPool-1 - Added connection com.mysql.cj.jdbc.ConnectionImpl@105dc04d
2025-07-18T11:28:04.002-05:00  INFO 32420 --- [app_multiservicios] [           main] com.zaxxer.hikari.HikariDataSource       : HikariPool-1 - Start completed.
2025-07-18T11:28:04.072-05:00  WARN 32420 --- [app_multiservicios] [           main] org.hibernate.orm.deprecation            : HHH90000025: MySQL8Dialect does not need to be specified explicitly using 'hibernate.dialect' (remove the property setting and it will be selected by default)
2025-07-18T11:28:04.074-05:00  WARN 32420 --- [app_multiservicios] [           main] org.hibernate.orm.deprecation            : HHH90000026: MySQL8Dialect has been deprecated; use org.hibernate.dialect.MySQLDialect instead
2025-07-18T11:28:04.106-05:00  INFO 32420 --- [app_multiservicios] [           main] org.hibernate.orm.connections.pooling    : HHH10001005: Database info:
	Database JDBC URL [Connecting through datasource 'HikariDataSource (HikariPool-1)']
	Database driver: undefined/unknown
	Database version: 8.0
	Autocommit mode: undefined/unknown
	Isolation level: undefined/unknown
	Minimum pool size: undefined/unknown
	Maximum pool size: undefined/unknown
2025-07-18T11:28:05.536-05:00  INFO 32420 --- [app_multiservicios] [           main] o.h.e.t.j.p.i.JtaPlatformInitiator       : HHH000489: No JTA platform available (set 'hibernate.transaction.jta.platform' to enable JTA platform integration)
2025-07-18T11:28:05.668-05:00  INFO 32420 --- [app_multiservicios] [           main] j.LocalContainerEntityManagerFactoryBean : Initialized JPA EntityManagerFactory for persistence unit 'default'
2025-07-18T11:28:06.212-05:00  INFO 32420 --- [app_multiservicios] [           main] o.s.d.j.r.query.QueryEnhancerFactory     : Hibernate is in classpath; If applicable, HQL parser will be used.
2025-07-18T11:28:07.022-05:00 DEBUG 32420 --- [app_multiservicios] [           main] org.hibernate.SQL                        : 
    select
        u1_0.username,
        u1_0.created_at,
        u1_0.email,
        u1_0.email_verified,
        u1_0.first_login,
        u1_0.password,
        u1_0.password_change_required,
        u1_0.reset_password_expiry,
        u1_0.reset_password_token,
        u1_0.role 
    from
        users u1_0 
    where
        u1_0.username=?
Hibernate: 
    select
        u1_0.username,
        u1_0.created_at,
        u1_0.email,
        u1_0.email_verified,
        u1_0.first_login,
        u1_0.password,
        u1_0.password_change_required,
        u1_0.reset_password_expiry,
        u1_0.reset_password_token,
        u1_0.role 
    from
        users u1_0 
    where
        u1_0.username=?
2025-07-18T11:28:07.025-05:00 TRACE 32420 --- [app_multiservicios] [           main] org.hibernate.orm.jdbc.bind              : binding parameter (1:VARCHAR) <- [admin]
2025-07-18T11:28:07.481-05:00  WARN 32420 --- [app_multiservicios] [           main] .s.s.UserDetailsServiceAutoConfiguration : 

Using generated security password: 3dfc777e-cf4a-45a5-a103-fb86fe619efc

This generated password is for development use only. Your security configuration must be updated before running your application in production.

2025-07-18T11:28:07.491-05:00  INFO 32420 --- [app_multiservicios] [           main] r$InitializeUserDetailsManagerConfigurer : Global AuthenticationManager configured with UserDetailsService bean with name inMemoryUserDetailsManager
2025-07-18T11:28:08.534-05:00  INFO 32420 --- [app_multiservicios] [           main] c.n.m.MultiserviciosApplicationTests     : Started MultiserviciosApplicationTests in 8.204 seconds (process running for 9.834)
]]></system-out>
    <system-err><![CDATA[Mockito is currently self-attaching to enable the inline-mock-maker. This will no longer work in future releases of the JDK. Please add Mockito as an agent to your build what is described in Mockito's documentation: https://javadoc.io/doc/org.mockito/mockito-core/latest/org/mockito/Mockito.html#0.3
WARNING: A Java agent has been loaded dynamically (C:\Users\Usuario\.m2\repository\net\bytebuddy\byte-buddy-agent\1.15.11\byte-buddy-agent-1.15.11.jar)
WARNING: If a serviceability tool is in use, please run with -XX:+EnableDynamicAgentLoading to hide this warning
WARNING: If a serviceability tool is not in use, please run with -Djdk.instrument.traceUsage for more information
WARNING: Dynamic loading of agents will be disallowed by default in a future release
]]></system-err>
  </testcase>
</testsuite>